<?xml version="1.0" encoding="UTF-8" ?>
<testsuite errors="0" failures="0" hostname="Heera" name="com.mcnz.rps.GameSummaryTest" skipped="0" tests="4" time="0.112" timestamp="2022-04-11T21:41:21">
  <properties>
[...]
</properties>
  <testcase classname="com.mcnz.rps.GameSummaryTest" name="testGetClientGesture" time="0.002" />
  <testcase classname="com.mcnz.rps.GameSummaryTest" name="testGetServerGesture" time="0.0" />
  <testcase classname="com.mcnz.rps.GameSummaryTest" name="testGetDate" time="0.0" />
  <testcase classname="com.mcnz.rps.GameSummaryTest" name="testGetResult" time="0.0" />
  <system-out><![CDATA[]]></system-out>
  <system-err><![CDATA[]]></system-err>
</testsuite>
